2016/07/14 21:53:36 にビルドを開始しました。
     1>ノード 2 上のプロジェクト "D:\HAL授業内容\1年\過去作品\RED ROCKET\ソースファイル\CP11_20151009_01_.vcxproj" (build ターゲット)。
     1>InitializeBuildStatus:
         "AlwaysCreate" が指定されたため "Release\CP11_20151009_01_.unsuccessfulbuild" を作成しています。
       ClCompile:
         c:\Program Files (x86)\Microsoft Visual Studio 10.0\VC\bin\CL.exe /c /Zi /nologo /W3 /WX- /O2 /Oi /Oy- /GL /D WIN32 /D NDEBUG /D _CONSOLE /D _CRT_SECURE_NO_WARNINGS /D _MBCS /Gm- /EHsc /MT /GS /Gy /fp:precise /Zc:wchar_t /Zc:forScope /Fo"Release\\" /Fd"Release\vc100.pdb" /Gd /TP /analyze- /errorReport:prompt player.cpp
         player.cpp
     1>player.cpp(68): warning C4305: '+=' : 'double' から 'float' へ切り詰めます。
     1>player.cpp(349): warning C4244: '=' : 'double' から 'float' への変換です。データが失われる可能性があります。
     1>player.cpp(350): warning C4244: '=' : 'double' から 'float' への変換です。データが失われる可能性があります。
       Link:
         c:\Program Files (x86)\Microsoft Visual Studio 10.0\VC\bin\link.exe /ERRORREPORT:PROMPT /OUT:"D:\HAL授業内容\1年\過去作品\RED ROCKET\ソースファイル\CP11_20151009_01_.exe" /INCREMENTAL:NO /NOLOGO kernel32.lib user32.lib gdi32.lib winspool.lib comdlg32.lib advapi32.lib shell32.lib ole32.lib oleaut32.lib uuid.lib odbc32.lib odbccp32.lib /MANIFEST /ManifestFile:"Release\CP11_20151009_01_.exe.intermediate.manifest" /MANIFESTUAC:"level='asInvoker' uiAccess='false'" /DEBUG /PDB:"D:\HAL授業内容\1年\過去作品\RED ROCKET\ソースファイル\CP11_20151009_01_.pdb" /SUBSYSTEM:CONSOLE /OPT:REF /OPT:ICF /LTCG /TLBID:1 /DYNAMICBASE /NXCOMPAT /IMPLIB:"D:\HAL授業内容\1年\過去作品\RED ROCKET\ソースファイル\CP11_20151009_01_.lib" /MACHINE:X86 Release\aida.obj
         Release\BGM.obj
         Release\main.obj
         Release\player.obj
         Release\redrocketField.obj
         Release\result.obj
         Release\sperm.obj
         Release\title.obj
         コード生成しています。
         コード生成が終了しました。
         CP11_20151009_01_.vcxproj -> D:\HAL授業内容\1年\過去作品\RED ROCKET\ソースファイル\CP11_20151009_01_.exe
       Manifest:
         C:\Program Files (x86)\Microsoft SDKs\Windows\v7.0A\bin\mt.exe /nologo /verbose /outputresource:"D:\HAL授業内容\1年\過去作品\RED ROCKET\ソースファイル\CP11_20151009_01_.exe;#1" /manifest Release\CP11_20151009_01_.exe.intermediate.manifest
       FinalizeBuildStatus:
         ファイル "Release\CP11_20151009_01_.unsuccessfulbuild" を削除しています。
         "Release\CP11_20151009_01_.lastbuildstate" のタッチ タスクを実行しています。
     1>プロジェクト "D:\HAL授業内容\1年\過去作品\RED ROCKET\ソースファイル\CP11_20151009_01_.vcxproj" (build ターゲット) のビルドが完了しました。

ビルドに成功しました。

経過時間 00:00:01.16
